1495220397963	geckodriver	INFO	Listening on 127.0.0.1:43154
1495220399124	geckodriver::marionette	INFO	Starting browser /usr/lib/firefox/firefox.sh with args ["-marionette"]

(firefox:17308): GLib-GObject-CRITICAL **: g_object_ref: assertion 'object->ref_count > 0' failed

(firefox:17308): GLib-GObject-CRITICAL **: g_object_unref: assertion 'object->ref_count > 0' failed

(firefox:17308): GLib-GObject-CRITICAL **: g_object_ref: assertion 'object->ref_count > 0' failed

(firefox:17308): GLib-GObject-CRITICAL **: g_object_unref: assertion 'object->ref_count > 0' failed
1495220404255	Marionette	INFO	Listening on port 43871

(/usr/lib/firefox/plugin-container:17368): GLib-GObject-CRITICAL **: g_object_ref: assertion 'object->ref_count > 0' failed

(/usr/lib/firefox/plugin-container:17368): GLib-GObject-CRITICAL **: g_object_unref: assertion 'object->ref_count > 0' failed

(/usr/lib/firefox/plugin-container:17368): GLib-GObject-CRITICAL **: g_object_ref: assertion 'object->ref_count > 0' failed

(/usr/lib/firefox/plugin-container:17368): GLib-GObject-CRITICAL **: g_object_unref: assertion 'object->ref_count > 0' failed
1495220508440	geckodriver	INFO	Listening on 127.0.0.1:60084
1495220508569	geckodriver::marionette	INFO	Starting browser /usr/lib/firefox/firefox.sh with args ["-marionette"]

(firefox:17521): GLib-GObject-CRITICAL **: g_object_ref: assertion 'object->ref_count > 0' failed

(firefox:17521): GLib-GObject-CRITICAL **: g_object_unref: assertion 'object->ref_count > 0' failed

(firefox:17521): GLib-GObject-CRITICAL **: g_object_ref: assertion 'object->ref_count > 0' failed

(firefox:17521): GLib-GObject-CRITICAL **: g_object_unref: assertion 'object->ref_count > 0' failed
1495220511925	Marionette	INFO	Listening on port 41039

(/usr/lib/firefox/plugin-container:17587): GLib-GObject-CRITICAL **: g_object_ref: assertion 'object->ref_count > 0' failed

(/usr/lib/firefox/plugin-container:17587): GLib-GObject-CRITICAL **: g_object_unref: assertion 'object->ref_count > 0' failed

(/usr/lib/firefox/plugin-container:17587): GLib-GObject-CRITICAL **: g_object_ref: assertion 'object->ref_count > 0' failed

(/usr/lib/firefox/plugin-container:17587): GLib-GObject-CRITICAL **: g_object_unref: assertion 'object->ref_count > 0' failed

(firefox:17521): GLib-GObject-CRITICAL **: g_object_ref: assertion 'object->ref_count > 0' failed

(firefox:17521): GLib-GObject-CRITICAL **: g_object_unref: assertion 'object->ref_count > 0' failed
1495220581603	geckodriver	INFO	Listening on 127.0.0.1:39644
1495220582735	geckodriver::marionette	INFO	Starting browser /usr/lib/firefox/firefox.sh with args ["-marionette"]

(firefox:17688): GLib-GObject-CRITICAL **: g_object_ref: assertion 'object->ref_count > 0' failed

(firefox:17688): GLib-GObject-CRITICAL **: g_object_unref: assertion 'object->ref_count > 0' failed

(firefox:17688): GLib-GObject-CRITICAL **: g_object_ref: assertion 'object->ref_count > 0' failed

(firefox:17688): GLib-GObject-CRITICAL **: g_object_unref: assertion 'object->ref_count > 0' failed
1495220585663	Marionette	INFO	Listening on port 37559

(/usr/lib/firefox/plugin-container:17746): GLib-GObject-CRITICAL **: g_object_ref: assertion 'object->ref_count > 0' failed

(/usr/lib/firefox/plugin-container:17746): GLib-GObject-CRITICAL **: g_object_unref: assertion 'object->ref_count > 0' failed

(/usr/lib/firefox/plugin-container:17746): GLib-GObject-CRITICAL **: g_object_ref: assertion 'object->ref_count > 0' failed

(/usr/lib/firefox/plugin-container:17746): GLib-GObject-CRITICAL **: g_object_unref: assertion 'object->ref_count > 0' failed

(firefox:17688): GLib-GObject-CRITICAL **: g_object_ref: assertion 'object->ref_count > 0' failed

(firefox:17688): GLib-GObject-CRITICAL **: g_object_unref: assertion 'object->ref_count > 0' failed

(firefox:17308): GLib-GObject-CRITICAL **: g_object_ref: assertion 'object->ref_count > 0' failed

(firefox:17308): GLib-GObject-CRITICAL **: g_object_unref: assertion 'object->ref_count > 0' failed
1495220923547	geckodriver	INFO	Listening on 127.0.0.1:45375
1495220924665	geckodriver::marionette	INFO	Starting browser /usr/lib/firefox/firefox.sh with args ["-marionette"]

(firefox:18487): GLib-GObject-CRITICAL **: g_object_ref: assertion 'object->ref_count > 0' failed

(firefox:18487): GLib-GObject-CRITICAL **: g_object_unref: assertion 'object->ref_count > 0' failed

(firefox:18487): GLib-GObject-CRITICAL **: g_object_ref: assertion 'object->ref_count > 0' failed

(firefox:18487): GLib-GObject-CRITICAL **: g_object_unref: assertion 'object->ref_count > 0' failed
1495220925962	addons.xpi	WARN	Add-on langpack-uk@firefox.mozilla.org is not compatible with application version.
1495220925965	addons.xpi	WARN	Add-on langpack-uk@firefox.mozilla.org is not compatible with application version.
1495220925989	addons.xpi	WARN	Add-on langpack-en-GB@firefox.mozilla.org is not compatible with application version.
1495220925992	addons.xpi	WARN	Add-on langpack-en-GB@firefox.mozilla.org is not compatible with application version.
1495220926015	addons.xpi	WARN	Add-on langpack-ru@firefox.mozilla.org is not compatible with application version.
1495220926016	addons.xpi	WARN	Add-on langpack-ru@firefox.mozilla.org is not compatible with application version.
1495220926033	addons.xpi	WARN	Add-on langpack-en-ZA@firefox.mozilla.org is not compatible with application version.
1495220926034	addons.xpi	WARN	Add-on langpack-en-ZA@firefox.mozilla.org is not compatible with application version.
1495220927182	addons.xpi	WARN	Add-on langpack-uk@firefox.mozilla.org is not compatible with application version.
1495220927185	addons.xpi	WARN	Add-on langpack-en-GB@firefox.mozilla.org is not compatible with application version.
1495220927187	addons.xpi	WARN	Add-on langpack-ru@firefox.mozilla.org is not compatible with application version.
1495220927189	addons.xpi	WARN	Add-on langpack-en-ZA@firefox.mozilla.org is not compatible with application version.
1495220927200	addons.xpi	WARN	Add-on langpack-uk@firefox.mozilla.org is not compatible with application version.
1495220927201	addons.xpi	WARN	Add-on langpack-en-GB@firefox.mozilla.org is not compatible with application version.
1495220927203	addons.xpi	WARN	Add-on langpack-ru@firefox.mozilla.org is not compatible with application version.
1495220927204	addons.xpi	WARN	Add-on langpack-en-ZA@firefox.mozilla.org is not compatible with application version.
1495220930891	Marionette	INFO	Listening on port 43528

(/usr/lib/firefox/firefox:18548): GLib-GObject-CRITICAL **: g_object_ref: assertion 'object->ref_count > 0' failed

(/usr/lib/firefox/firefox:18548): GLib-GObject-CRITICAL **: g_object_unref: assertion 'object->ref_count > 0' failed

(/usr/lib/firefox/firefox:18548): GLib-GObject-CRITICAL **: g_object_ref: assertion 'object->ref_count > 0' failed

(/usr/lib/firefox/firefox:18548): GLib-GObject-CRITICAL **: g_object_unref: assertion 'object->ref_count > 0' failed

(firefox:18487): GLib-GObject-CRITICAL **: g_object_ref: assertion 'object->ref_count > 0' failed

(firefox:18487): GLib-GObject-CRITICAL **: g_object_unref: assertion 'object->ref_count > 0' failed

(firefox:18487): GLib-GObject-CRITICAL **: g_object_ref: assertion 'object->ref_count > 0' failed

(firefox:18487): GLib-GObject-CRITICAL **: g_object_unref: assertion 'object->ref_count > 0' failed

(firefox:18487): GLib-GObject-CRITICAL **: g_object_ref: assertion 'object->ref_count > 0' failed

(firefox:18487): GLib-GObject-CRITICAL **: g_object_unref: assertion 'object->ref_count > 0' failed

(firefox:18487): GLib-GObject-CRITICAL **: g_object_ref: assertion 'object->ref_count > 0' failed

(firefox:18487): GLib-GObject-CRITICAL **: g_object_unref: assertion 'object->ref_count > 0' failed

(firefox:18487): GLib-GObject-CRITICAL **: g_object_ref: assertion 'object->ref_count > 0' failed

(firefox:18487): GLib-GObject-CRITICAL **: g_object_unref: assertion 'object->ref_count > 0' failed
1495221405226	geckodriver	INFO	Listening on 127.0.0.1:48124
1495221406340	geckodriver::marionette	INFO	Starting browser /usr/lib/firefox/firefox.sh with args ["-marionette"]

(firefox:2842): GLib-GObject-CRITICAL **: g_object_ref: assertion 'object->ref_count > 0' failed

(firefox:2842): GLib-GObject-CRITICAL **: g_object_unref: assertion 'object->ref_count > 0' failed

(firefox:2842): GLib-GObject-CRITICAL **: g_object_ref: assertion 'object->ref_count > 0' failed

(firefox:2842): GLib-GObject-CRITICAL **: g_object_unref: assertion 'object->ref_count > 0' failed
1495221410476	addons.xpi	WARN	Add-on langpack-uk@firefox.mozilla.org is not compatible with application version.
1495221410490	addons.xpi	WARN	Add-on langpack-uk@firefox.mozilla.org is not compatible with application version.
1495221410534	addons.xpi	WARN	Add-on langpack-en-GB@firefox.mozilla.org is not compatible with application version.
1495221410537	addons.xpi	WARN	Add-on langpack-en-GB@firefox.mozilla.org is not compatible with application version.
1495221410594	addons.xpi	WARN	Add-on langpack-ru@firefox.mozilla.org is not compatible with application version.
1495221410595	addons.xpi	WARN	Add-on langpack-ru@firefox.mozilla.org is not compatible with application version.
1495221410625	addons.xpi	WARN	Add-on langpack-en-ZA@firefox.mozilla.org is not compatible with application version.
1495221410626	addons.xpi	WARN	Add-on langpack-en-ZA@firefox.mozilla.org is not compatible with application version.
1495221412037	addons.xpi	WARN	Add-on langpack-uk@firefox.mozilla.org is not compatible with application version.
1495221412039	addons.xpi	WARN	Add-on langpack-en-GB@firefox.mozilla.org is not compatible with application version.
1495221412041	addons.xpi	WARN	Add-on langpack-ru@firefox.mozilla.org is not compatible with application version.
1495221412043	addons.xpi	WARN	Add-on langpack-en-ZA@firefox.mozilla.org is not compatible with application version.
1495221412054	addons.xpi	WARN	Add-on langpack-uk@firefox.mozilla.org is not compatible with application version.
1495221412055	addons.xpi	WARN	Add-on langpack-en-GB@firefox.mozilla.org is not compatible with application version.
1495221412057	addons.xpi	WARN	Add-on langpack-ru@firefox.mozilla.org is not compatible with application version.
1495221412058	addons.xpi	WARN	Add-on langpack-en-ZA@firefox.mozilla.org is not compatible with application version.
1495221416600	Marionette	INFO	Listening on port 46159

(/usr/lib/firefox/firefox:2903): GLib-GObject-CRITICAL **: g_object_ref: assertion 'object->ref_count > 0' failed

(/usr/lib/firefox/firefox:2903): GLib-GObject-CRITICAL **: g_object_unref: assertion 'object->ref_count > 0' failed

(/usr/lib/firefox/firefox:2903): GLib-GObject-CRITICAL **: g_object_ref: assertion 'object->ref_count > 0' failed

(/usr/lib/firefox/firefox:2903): GLib-GObject-CRITICAL **: g_object_unref: assertion 'object->ref_count > 0' failed

(firefox:2842): GLib-GObject-CRITICAL **: g_object_ref: assertion 'object->ref_count > 0' failed

(firefox:2842): GLib-GObject-CRITICAL **: g_object_unref: assertion 'object->ref_count > 0' failed

(firefox:2842): GLib-GObject-CRITICAL **: g_object_ref: assertion 'object->ref_count > 0' failed

(firefox:2842): GLib-GObject-CRITICAL **: g_object_unref: assertion 'object->ref_count > 0' failed

(firefox:2842): GLib-GObject-CRITICAL **: g_object_ref: assertion 'object->ref_count > 0' failed

(firefox:2842): GLib-GObject-CRITICAL **: g_object_unref: assertion 'object->ref_count > 0' failed

(firefox:2842): GLib-GObject-CRITICAL **: g_object_ref: assertion 'object->ref_count > 0' failed

(firefox:2842): GLib-GObject-CRITICAL **: g_object_unref: assertion 'object->ref_count > 0' failed

(firefox:2842): GLib-GObject-CRITICAL **: g_object_ref: assertion 'object->ref_count > 0' failed

(firefox:2842): GLib-GObject-CRITICAL **: g_object_unref: assertion 'object->ref_count > 0' failed
